<?xml version="1.0" encoding="UTF-8"?>
<testsuite xmlns:xsi="http://www.w3.org/2001/XMLSchema-instance" xsi:noNamespaceSchemaLocation="https://maven.apache.org/surefire/maven-surefire-plugin/xsd/surefire-test-report.xsd" name="com.gildedrose.GildedRoseTest" time="0.1" tests="5" errors="0" skipped="0" failures="0">
  <properties>
[...]
</properties>
  <testcase name="backstageItemTest" classname="com.gildedrose.GildedRoseTest" time="0.053"/>
  <testcase name="normalItemTest" classname="com.gildedrose.GildedRoseTest" time="0"/>
  <testcase name="sulfurasItemTest" classname="com.gildedrose.GildedRoseTest" time="0"/>
  <testcase name="agedBrieItemTest" classname="com.gildedrose.GildedRoseTest" time="0"/>
  <testcase name="ConjuredItemTest" classname="com.gildedrose.GildedRoseTest" time="0"/>
</testsuite>